\BOOKMARK [1][-]{section.1}{\376\377\000I\000n\000t\000r\000o\000d\000u\000c\000t\000i\000o\000n}{}% 1
\BOOKMARK [1][-]{section.2}{\376\377\000S\000t\000a\000t\000i\000s\000t\000i\000c\000a\000l\000\040\000F\000e\000a\000t\000u\000r\000e\000s}{}% 2
\BOOKMARK [2][-]{subsection.2.1}{\376\377\000M\000e\000a\000n}{section.2}% 3
\BOOKMARK [2][-]{subsection.2.2}{\376\377\000M\000e\000d\000i\000a\000n}{section.2}% 4
\BOOKMARK [2][-]{subsection.2.3}{\376\377\000M\000o\000d\000e}{section.2}% 5
\BOOKMARK [2][-]{subsection.2.4}{\376\377\000V\000a\000r\000i\000a\000n\000c\000e}{section.2}% 6
\BOOKMARK [2][-]{subsection.2.5}{\376\377\000S\000t\000a\000n\000d\000a\000r\000d\000\040\000D\000e\000v\000i\000a\000t\000i\000o\000n}{section.2}% 7
\BOOKMARK [2][-]{subsection.2.6}{\376\377\000S\000k\000e\000w\000n\000e\000s\000s}{section.2}% 8
\BOOKMARK [2][-]{subsection.2.7}{\376\377\000K\000u\000r\000t\000o\000s\000i\000s}{section.2}% 9
\BOOKMARK [2][-]{subsection.2.8}{\376\377\000M\000i\000n\000\040\000M\000a\000x\000\040\000R\000a\000n\000g\000e}{section.2}% 10
\BOOKMARK [2][-]{subsection.2.9}{\376\377\000Q\000u\000a\000n\000t\000i\000l\000e\000s}{section.2}% 11
\BOOKMARK [2][-]{subsection.2.10}{\376\377\000S\000u\000m}{section.2}% 12
\BOOKMARK [2][-]{subsection.2.11}{\376\377\000A\000b\000s\000o\000l\000u\000t\000e\000\040\000E\000n\000e\000r\000g\000y}{section.2}% 13
\BOOKMARK [2][-]{subsection.2.12}{\376\377\000R\000o\000l\000l\000i\000n\000g\000\040\000M\000e\000a\000n}{section.2}% 14
\BOOKMARK [2][-]{subsection.2.13}{\376\377\000R\000o\000l\000l\000i\000n\000g\000\040\000V\000a\000r\000i\000a\000n\000c\000e}{section.2}% 15
\BOOKMARK [2][-]{subsection.2.14}{\376\377\000E\000x\000p\000a\000n\000d\000i\000n\000g\000\040\000S\000u\000m}{section.2}% 16
\BOOKMARK [2][-]{subsection.2.15}{\376\377\000E\000x\000p\000o\000n\000e\000n\000t\000i\000a\000l\000\040\000M\000o\000v\000i\000n\000g\000\040\000A\000v\000e\000r\000a\000g\000e}{section.2}% 17
\BOOKMARK [2][-]{subsection.2.16}{\376\377\000S\000l\000i\000d\000i\000n\000g\000\040\000W\000i\000n\000d\000o\000w\000\040\000E\000n\000t\000r\000o\000p\000y}{section.2}% 18
\BOOKMARK [1][-]{section.3}{\376\377\000F\000r\000e\000q\000u\000e\000n\000c\000y\000\040\000D\000o\000m\000a\000i\000n\000\040\000F\000e\000a\000t\000u\000r\000e\000s}{}% 19
\BOOKMARK [2][-]{subsection.3.1}{\376\377\000F\000o\000u\000r\000i\000e\000r\000\040\000T\000r\000a\000n\000s\000f\000o\000r\000m}{section.3}% 20
\BOOKMARK [2][-]{subsection.3.2}{\376\377\000L\000o\000m\000b\000\040\000S\000c\000a\000r\000g\000l\000e\000\040\000P\000e\000r\000i\000o\000d\000o\000g\000r\000a\000m}{section.3}% 21
